<?xml version="1.0" encoding="UTF-8"?>
<!-- Generated by org.testng.reporters.JUnitXMLReporter -->
<testsuite hostname="JH-DN0048" name="Default test" tests="3" failures="0" timestamp="1 Jun 2020 03:16:26 GMT" time="0.019" errors="0">
  <testcase name="test1" time="0.004" classname="com.demo.qa.utils.NewTest"/>
  <testcase name="test11" time="0.001" classname="com.demo.qa.utils.NewTest"/>
  <testcase name="test2" time="0.001" classname="com.demo.qa.utils.NewTest"/>
</testsuite> <!-- Default test -->
