<?xml version="1.0" encoding="UTF-8"?>
<testng-results skipped="0" failed="0" total="3" passed="3">
  <reporter-output>
  </reporter-output>
  <suite name="Default suite" duration-ms="19" started-at="2020-06-01T03:16:26Z" finished-at="2020-06-01T03:16:26Z">
    <groups>
      <group name="group2">
        <method signature="NewTest.test2()[pri:0, instance:com.demo.qa.utils.NewTest@4c40b76e]" name="test2" class="com.demo.qa.utils.NewTest"/>
      </group> <!-- group2 -->
      <group name="group1">
        <method signature="NewTest.test1()[pri:0, instance:com.demo.qa.utils.NewTest@4c40b76e]" name="test1" class="com.demo.qa.utils.NewTest"/>
        <method signature="NewTest.test11()[pri:0, instance:com.demo.qa.utils.NewTest@4c40b76e]" name="test11" class="com.demo.qa.utils.NewTest"/>
      </group> <!-- group1 -->
    </groups>
    <test name="Default test" duration-ms="19" started-at="2020-06-01T03:16:26Z" finished-at="2020-06-01T03:16:26Z">
      <class name="com.demo.qa.utils.NewTest">
        <test-method status="PASS" signature="beforeSuite()[pri:0, instance:com.demo.qa.utils.NewTest@4c40b76e]" name="beforeSuite" is-config="true" duration-ms="7" started-at="2020-06-01T11:16:26Z" finished-at="2020-06-01T11:16:26Z">
          <reporter-output>
          </reporter-output>
        </test-method> <!-- beforeSuite -->
        <test-method status="PASS" signature="beforeTest()[pri:0, instance:com.demo.qa.utils.NewTest@4c40b76e]" name="beforeTest" is-config="true" duration-ms="0" started-at="2020-06-01T11:16:26Z" finished-at="2020-06-01T11:16:26Z">
          <reporter-output>
          </reporter-output>
        </test-method> <!-- beforeTest -->
        <test-method status="PASS" signature="beforeClass()[pri:0, instance:com.demo.qa.utils.NewTest@4c40b76e]" name="beforeClass" is-config="true" duration-ms="1" started-at="2020-06-01T11:16:26Z" finished-at="2020-06-01T11:16:26Z">
          <reporter-output>
          </reporter-output>
        </test-method> <!-- beforeClass -->
        <test-method status="PASS" signature="beforeGroups()[pri:0, instance:com.demo.qa.utils.NewTest@4c40b76e]" name="beforeGroups" is-config="true" duration-ms="1" started-at="2020-06-01T11:16:26Z" finished-at="2020-06-01T11:16:26Z">
          <reporter-output>
          </reporter-output>
        </test-method> <!-- beforeGroups -->
        <test-method status="PASS" signature="beforeMethod()[pri:0, instance:com.demo.qa.utils.NewTest@4c40b76e]" name="beforeMethod" is-config="true" duration-ms="0" started-at="2020-06-01T11:16:26Z" finished-at="2020-06-01T11:16:26Z">
          <reporter-output>
          </reporter-output>
        </test-method> <!-- beforeMethod -->
        <test-method status="PASS" signature="test1()[pri:0, instance:com.demo.qa.utils.NewTest@4c40b76e]" name="test1" duration-ms="4" started-at="2020-06-01T11:16:26Z" finished-at="2020-06-01T11:16:26Z">
          <reporter-output>
          </reporter-output>
        </test-method> <!-- test1 -->
        <test-method status="PASS" signature="beforeMethod()[pri:0, instance:com.demo.qa.utils.NewTest@4c40b76e]" name="beforeMethod" is-config="true" duration-ms="0" started-at="2020-06-01T11:16:26Z" finished-at="2020-06-01T11:16:26Z">
          <reporter-output>
          </reporter-output>
        </test-method> <!-- beforeMethod -->
        <test-method status="PASS" signature="afterMethod()[pri:0, instance:com.demo.qa.utils.NewTest@4c40b76e]" name="afterMethod" is-config="true" duration-ms="0" started-at="2020-06-01T11:16:26Z" finished-at="2020-06-01T11:16:26Z">
          <reporter-output>
          </reporter-output>
        </test-method> <!-- afterMethod -->
        <test-method status="PASS" signature="test11()[pri:0, instance:com.demo.qa.utils.NewTest@4c40b76e]" name="test11" duration-ms="1" started-at="2020-06-01T11:16:26Z" finished-at="2020-06-01T11:16:26Z">
          <reporter-output>
          </reporter-output>
        </test-method> <!-- test11 -->
        <test-method status="PASS" signature="afterMethod()[pri:0, instance:com.demo.qa.utils.NewTest@4c40b76e]" name="afterMethod" is-config="true" duration-ms="0" started-at="2020-06-01T11:16:26Z" finished-at="2020-06-01T11:16:26Z">
          <reporter-output>
          </reporter-output>
        </test-method> <!-- afterMethod -->
        <test-method status="PASS" signature="afterGroups()[pri:0, instance:com.demo.qa.utils.NewTest@4c40b76e]" name="afterGroups" is-config="true" duration-ms="1" started-at="2020-06-01T11:16:26Z" finished-at="2020-06-01T11:16:26Z">
          <reporter-output>
          </reporter-output>
        </test-method> <!-- afterGroups -->
        <test-method status="PASS" signature="beforeMethod()[pri:0, instance:com.demo.qa.utils.NewTest@4c40b76e]" name="beforeMethod" is-config="true" duration-ms="0" started-at="2020-06-01T11:16:26Z" finished-at="2020-06-01T11:16:26Z">
          <reporter-output>
          </reporter-output>
        </test-method> <!-- beforeMethod -->
        <test-method status="PASS" signature="test2()[pri:0, instance:com.demo.qa.utils.NewTest@4c40b76e]" name="test2" duration-ms="1" started-at="2020-06-01T11:16:26Z" finished-at="2020-06-01T11:16:26Z">
          <reporter-output>
          </reporter-output>
        </test-method> <!-- test2 -->
        <test-method status="PASS" signature="afterClass()[pri:0, instance:com.demo.qa.utils.NewTest@4c40b76e]" name="afterClass" is-config="true" duration-ms="0" started-at="2020-06-01T11:16:26Z" finished-at="2020-06-01T11:16:26Z">
          <reporter-output>
          </reporter-output>
        </test-method> <!-- afterClass -->
        <test-method status="PASS" signature="afterMethod()[pri:0, instance:com.demo.qa.utils.NewTest@4c40b76e]" name="afterMethod" is-config="true" duration-ms="0" started-at="2020-06-01T11:16:26Z" finished-at="2020-06-01T11:16:26Z">
          <reporter-output>
          </reporter-output>
        </test-method> <!-- afterMethod -->
        <test-method status="PASS" signature="afterTest()[pri:0, instance:com.demo.qa.utils.NewTest@4c40b76e]" name="afterTest" is-config="true" duration-ms="0" started-at="2020-06-01T11:16:26Z" finished-at="2020-06-01T11:16:26Z">
          <reporter-output>
          </reporter-output>
        </test-method> <!-- afterTest -->
        <test-method status="PASS" signature="afterSuite()[pri:0, instance:com.demo.qa.utils.NewTest@4c40b76e]" name="afterSuite" is-config="true" duration-ms="12" started-at="2020-06-01T11:16:26Z" finished-at="2020-06-01T11:16:26Z">
          <reporter-output>
          </reporter-output>
        </test-method> <!-- afterSuite -->
      </class> <!-- com.demo.qa.utils.NewTest -->
    </test> <!-- Default test -->
  </suite> <!-- Default suite -->
</testng-results>
